<html>
<head>
<title>TestNG:  TutorialsNinja Tests</title>
<link href="../testng.css" rel="stylesheet" type="text/css" />
<link href="../my-testng.css" rel="stylesheet" type="text/css" />

<style type="text/css">
.log { display: none;} 
.stack-trace { display: none;} 
</style>
<script type="text/javascript">
<!--
function flip(e) {
  current = e.style.display;
  if (current == 'block') {
    e.style.display = 'none';
    return 0;
  }
  else {
    e.style.display = 'block';
    return 1;
  }
}

function toggleBox(szDivId, elem, msg1, msg2)
{
  var res = -1;  if (document.getElementById) {
    res = flip(document.getElementById(szDivId));
  }
  else if (document.all) {
    // this is the way old msie versions work
    res = flip(document.all[szDivId]);
  }
  if(elem) {
    if(res == 0) elem.innerHTML = msg1; else elem.innerHTML = msg2;
  }

}

function toggleAllBoxes() {
  if (document.getElementsByTagName) {
    d = document.getElementsByTagName('div');
    for (i = 0; i < d.length; i++) {
      if (d[i].className == 'log') {
        flip(d[i]);
      }
    }
  }
}

// -->
</script>

</head>
<body>
<h2 align='center'>TutorialsNinja Tests</h2><table border='1' align="center">
<tr>
<td>Tests passed/Failed/Skipped:</td><td>14/1/1</td>
</tr><tr>
<td>Started on:</td><td>Sat Mar 01 12:59:01 IST 2025</td>
</tr>
<tr><td>Total time:</td><td>92 seconds (92388 ms)</td>
</tr><tr>
<td>Included groups:</td><td></td>
</tr><tr>
<td>Excluded groups:</td><td></td>
</tr>
</table><p/>
<small><i>(Hover the method name to see the test class name)</i></small><p/>
<table width='100%' border='1' class='invocation-failed'>
<tr><td colspan='4' align='center'><b>FAILED TESTS</b></td></tr>
<tr><td><b>Test method</b></td>
<td><b>Attribute(s)</b></td>
<td width="30%"><b>Exception</b></td>
<td width="10%"><b>Time (seconds)</b></td>
<td><b>Instance</b></td>
</tr>
<tr>
<td title='com.tutorialsninja.qa.testcase.SearchTest.VerifySearchInvalidProduct()'><b>VerifySearchInvalidProduct</b><br>Test class: com.tutorialsninja.qa.testcase.SearchTest</td>
<td><div><pre>java.lang.AssertionError: No Product in the Search Result is not Displayed expected [abcd] but found [There is no product that matches the search criteria.]
	at com.tutorialsninja.qa.testcase.SearchTest.VerifySearchInvalidProduct(SearchTest.java:51)
	at java.base/java.util.ArrayList.forEach(ArrayList.java:1596)
... Removed 30 stack frames</pre></div><a href='#' onClick='toggleBox("stack-trace1035361293", this, "Click to show all stack frames", "Click to hide stack frames")'>Click to show all stack frames</a>
<div class='stack-trace' id='stack-trace1035361293'><pre>java.lang.AssertionError: No Product in the Search Result is not Displayed expected [abcd] but found [There is no product that matches the search criteria.]
	at org.testng.Assert.fail(Assert.java:111)
	at org.testng.Assert.failNotEquals(Assert.java:1578)
	at org.testng.Assert.assertEqualsImpl(Assert.java:150)
	at org.testng.Assert.assertEquals(Assert.java:132)
	at org.testng.Assert.assertEquals(Assert.java:656)
	at com.tutorialsninja.qa.testcase.SearchTest.VerifySearchInvalidProduct(SearchTest.java:51)
	at java.base/jdk.internal.reflect.DirectMethodHandleAccessor.invoke(DirectMethodHandleAccessor.java:103)
	at java.base/java.lang.reflect.Method.invoke(Method.java:580)
	at org.testng.internal.invokers.MethodInvocationHelper.invokeMethod(MethodInvocationHelper.java:141)
	at org.testng.internal.invokers.TestInvoker.invokeMethod(TestInvoker.java:686)
	at org.testng.internal.invokers.TestInvoker.invokeTestMethod(TestInvoker.java:230)
	at org.testng.internal.invokers.MethodRunner.runInSequence(MethodRunner.java:63)
	at org.testng.internal.invokers.TestInvoker$MethodInvocationAgent.invoke(TestInvoker.java:992)
	at org.testng.internal.invokers.TestInvoker.invokeTestMethods(TestInvoker.java:203)
	at org.testng.internal.invokers.TestMethodWorker.invokeTestMethods(TestMethodWorker.java:154)
	at org.testng.internal.invokers.TestMethodWorker.run(TestMethodWorker.java:134)
	at java.base/java.util.ArrayList.forEach(ArrayList.java:1596)
	at org.testng.TestRunner.privateRun(TestRunner.java:739)
	at org.testng.TestRunner.run(TestRunner.java:614)
	at org.testng.SuiteRunner.runTest(SuiteRunner.java:421)
	at org.testng.SuiteRunner.runSequentially(SuiteRunner.java:413)
	at org.testng.SuiteRunner.privateRun(SuiteRunner.java:373)
	at org.testng.SuiteRunner.run(SuiteRunner.java:312)
	at org.testng.SuiteRunnerWorker.runSuite(SuiteRunnerWorker.java:52)
	at org.testng.SuiteRunnerWorker.run(SuiteRunnerWorker.java:95)
	at org.testng.TestNG.runSuitesSequentially(TestNG.java:1274)
	at org.testng.TestNG.runSuitesLocally(TestNG.java:1208)
	at org.testng.TestNG.runSuites(TestNG.java:1112)
	at org.testng.TestNG.run(TestNG.java:1079)
	at org.testng.remote.AbstractRemoteTestNG.run(AbstractRemoteTestNG.java:115)
	at org.testng.remote.RemoteTestNG.initAndRun(RemoteTestNG.java:293)
	at org.testng.remote.RemoteTestNG.main(RemoteTestNG.java:91)
</pre></div></td>
<td>0</td>
<td>com.tutorialsninja.qa.testcase.SearchTest@f5958c9</td></tr>
</table><p>
<table width='100%' border='1' class='invocation-passed'>
<tr><td colspan='4' align='center'><b>PASSED TESTS</b></td></tr>
<tr><td><b>Test method</b></td>
<td><b>Attribute(s)</b></td>
<td width="30%"><b>Exception</b></td>
<td width="10%"><b>Time (seconds)</b></td>
<td><b>Instance</b></td>
</tr>
<tr>
<td title='com.tutorialsninja.qa.testcase.LogOutTest.verifyLoggingOutBySelectingLogoutOptionFromRightColumnOption()'><b>verifyLoggingOutBySelectingLogoutOptionFromRightColumnOption</b><br>Test class: com.tutorialsninja.qa.testcase.LogOutTest</td>
<td></td>
<td>10</td>
<td>com.tutorialsninja.qa.testcase.LogOutTest@233795b6</td></tr>
<tr>
<td title='com.tutorialsninja.qa.testcase.LoginTest.VerifyLoginWithValidCredentials()'><b>VerifyLoginWithValidCredentials</b><br>Test class: com.tutorialsninja.qa.testcase.LoginTest<br>Parameters: yogi1234@gmail.com, 12345</td>
<td></td>
<td>1</td>
<td>com.tutorialsninja.qa.testcase.LoginTest@3eb25e1a</td></tr>
<tr>
<td title='com.tutorialsninja.qa.testcase.LoginTest.VerifyLoginWithValidCredentials()'><b>VerifyLoginWithValidCredentials</b><br>Test class: com.tutorialsninja.qa.testcase.LoginTest<br>Parameters: yogita123@gmail.com, 12345</td>
<td></td>
<td>0</td>
<td>com.tutorialsninja.qa.testcase.LoginTest@3eb25e1a</td></tr>
<tr>
<td title='com.tutorialsninja.qa.testcase.RegisterTest.VerifyRegisteringAccountWithMandatoryFields()'><b>VerifyRegisteringAccountWithMandatoryFields</b><br>Test class: com.tutorialsninja.qa.testcase.RegisterTest</td>
<td></td>
<td>1</td>
<td>com.tutorialsninja.qa.testcase.RegisterTest@74235045</td></tr>
<tr>
<td title='com.tutorialsninja.qa.testcase.LoginTest.VerifyLoginWithInvalidEmailAndValidPassword()'><b>VerifyLoginWithInvalidEmailAndValidPassword</b><br>Test class: com.tutorialsninja.qa.testcase.LoginTest</td>
<td></td>
<td>1</td>
<td>com.tutorialsninja.qa.testcase.LoginTest@3eb25e1a</td></tr>
<tr>
<td title='com.tutorialsninja.qa.testcase.LoginTest.VerifyLoginWithValidCredentials()'><b>VerifyLoginWithValidCredentials</b><br>Test class: com.tutorialsninja.qa.testcase.LoginTest<br>Parameters: dips9370@gmail.com, 12345</td>
<td></td>
<td>0</td>
<td>com.tutorialsninja.qa.testcase.LoginTest@3eb25e1a</td></tr>
<tr>
<td title='com.tutorialsninja.qa.testcase.LoginTest.VerifyLoginWithInvalidCredentials()'><b>VerifyLoginWithInvalidCredentials</b><br>Test class: com.tutorialsninja.qa.testcase.LoginTest</td>
<td></td>
<td>1</td>
<td>com.tutorialsninja.qa.testcase.LoginTest@3eb25e1a</td></tr>
<tr>
<td title='com.tutorialsninja.qa.testcase.LoginTest.VerifyLoginWithValidEmailAndInvalidPassword()'><b>VerifyLoginWithValidEmailAndInvalidPassword</b><br>Test class: com.tutorialsninja.qa.testcase.LoginTest</td>
<td></td>
<td>2</td>
<td>com.tutorialsninja.qa.testcase.LoginTest@3eb25e1a</td></tr>
<tr>
<td title='com.tutorialsninja.qa.testcase.SearchTest.VerifySearchWithValidProduct()'><b>VerifySearchWithValidProduct</b><br>Test class: com.tutorialsninja.qa.testcase.SearchTest</td>
<td></td>
<td>0</td>
<td>com.tutorialsninja.qa.testcase.SearchTest@f5958c9</td></tr>
<tr>
<td title='com.tutorialsninja.qa.testcase.RegisterTest.VerifyRegisteringAccountWithoutFillingAnyDetails()'><b>VerifyRegisteringAccountWithoutFillingAnyDetails</b><br>Test class: com.tutorialsninja.qa.testcase.RegisterTest</td>
<td></td>
<td>0</td>
<td>com.tutorialsninja.qa.testcase.RegisterTest@74235045</td></tr>
<tr>
<td title='com.tutorialsninja.qa.testcase.RegisterTest.VerifyRegisteringAccountByProvidingAllFields()'><b>VerifyRegisteringAccountByProvidingAllFields</b><br>Test class: com.tutorialsninja.qa.testcase.RegisterTest</td>
<td></td>
<td>1</td>
<td>com.tutorialsninja.qa.testcase.RegisterTest@74235045</td></tr>
<tr>
<td title='com.tutorialsninja.qa.testcase.LoginTest.VerifyLoginWithoutProvidingcredentials()'><b>VerifyLoginWithoutProvidingcredentials</b><br>Test class: com.tutorialsninja.qa.testcase.LoginTest</td>
<td></td>
<td>0</td>
<td>com.tutorialsninja.qa.testcase.LoginTest@3eb25e1a</td></tr>
<tr>
<td title='com.tutorialsninja.qa.testcase.LogOutTest.verifyLoggingOutBySelectingLogOutOption()'><b>verifyLoggingOutBySelectingLogOutOption</b><br>Test class: com.tutorialsninja.qa.testcase.LogOutTest</td>
<td></td>
<td>6</td>
<td>com.tutorialsninja.qa.testcase.LogOutTest@233795b6</td></tr>
<tr>
<td title='com.tutorialsninja.qa.testcase.RegisterTest.VerifyRegisteringAccountWithExistingEmailAddress()'><b>VerifyRegisteringAccountWithExistingEmailAddress</b><br>Test class: com.tutorialsninja.qa.testcase.RegisterTest</td>
<td></td>
<td>1</td>
<td>com.tutorialsninja.qa.testcase.RegisterTest@74235045</td></tr>
</table><p>
<table width='100%' border='1' class='invocation-skipped'>
<tr><td colspan='4' align='center'><b>SKIPPED TESTS</b></td></tr>
<tr><td><b>Test method</b></td>
<td><b>Attribute(s)</b></td>
<td width="30%"><b>Exception</b></td>
<td width="10%"><b>Time (seconds)</b></td>
<td><b>Instance</b></td>
</tr>
<tr>
<td title='com.tutorialsninja.qa.testcase.SearchTest.VerifySearchWithoutProvidingAnyProduct()'><b>VerifySearchWithoutProvidingAnyProduct</b><br>Test class: com.tutorialsninja.qa.testcase.SearchTest</td>
<td><div><pre>java.lang.Throwable: Method com.tutorialsninja.qa.testcase.SearchTest.VerifySearchWithoutProvidingAnyProduct() on instance com.tutorialsninja.qa.testcase.SearchTest@f5958c9 depends on not successfully finished methods 
[com.tutorialsninja.qa.testcase.SearchTest.VerifySearchInvalidProduct() on instance com.tutorialsninja.qa.testcase.SearchTest@f5958c9
com.tutorialsninja.qa.testcase.SearchTest.VerifySearchWithValidProduct() on instance com.tutorialsninja.qa.testcase.SearchTest@f5958c9]
	at java.base/java.util.ArrayList.forEach(ArrayList.java:1596)
... Removed 18 stack frames</pre></div><a href='#' onClick='toggleBox("stack-trace650687126", this, "Click to show all stack frames", "Click to hide stack frames")'>Click to show all stack frames</a>
<div class='stack-trace' id='stack-trace650687126'><pre>java.lang.Throwable: Method com.tutorialsninja.qa.testcase.SearchTest.VerifySearchWithoutProvidingAnyProduct() on instance com.tutorialsninja.qa.testcase.SearchTest@f5958c9 depends on not successfully finished methods 
[com.tutorialsninja.qa.testcase.SearchTest.VerifySearchInvalidProduct() on instance com.tutorialsninja.qa.testcase.SearchTest@f5958c9
com.tutorialsninja.qa.testcase.SearchTest.VerifySearchWithValidProduct() on instance com.tutorialsninja.qa.testcase.SearchTest@f5958c9]
	at org.testng.internal.invokers.TestInvoker.invokeTestMethods(TestInvoker.java:159)
	at org.testng.internal.invokers.TestMethodWorker.invokeTestMethods(TestMethodWorker.java:154)
	at org.testng.internal.invokers.TestMethodWorker.run(TestMethodWorker.java:134)
	at java.base/java.util.ArrayList.forEach(ArrayList.java:1596)
	at org.testng.TestRunner.privateRun(TestRunner.java:739)
	at org.testng.TestRunner.run(TestRunner.java:614)
	at org.testng.SuiteRunner.runTest(SuiteRunner.java:421)
	at org.testng.SuiteRunner.runSequentially(SuiteRunner.java:413)
	at org.testng.SuiteRunner.privateRun(SuiteRunner.java:373)
	at org.testng.SuiteRunner.run(SuiteRunner.java:312)
	at org.testng.SuiteRunnerWorker.runSuite(SuiteRunnerWorker.java:52)
	at org.testng.SuiteRunnerWorker.run(SuiteRunnerWorker.java:95)
	at org.testng.TestNG.runSuitesSequentially(TestNG.java:1274)
	at org.testng.TestNG.runSuitesLocally(TestNG.java:1208)
	at org.testng.TestNG.runSuites(TestNG.java:1112)
	at org.testng.TestNG.run(TestNG.java:1079)
	at org.testng.remote.AbstractRemoteTestNG.run(AbstractRemoteTestNG.java:115)
	at org.testng.remote.RemoteTestNG.initAndRun(RemoteTestNG.java:293)
	at org.testng.remote.RemoteTestNG.main(RemoteTestNG.java:91)
</pre></div></td>
<td>0</td>
<td>com.tutorialsninja.qa.testcase.SearchTest@f5958c9</td></tr>
</table><p>
</body>
</html>